[35m[Appium][39m Welcome to Appium v1.9.1
[35m[Appium][39m Non-default server args:
[35m[Appium][39m   port: 59221
[35m[Appium][39m   loglevel: info
[35m[Appium][39m   chromeDriverPort: 59222
[35m[Appium][39m   tmpDir: C:\Users\dsouzam2\AppData\Local\Temp\1\\Katalon\Appium\Temp1539457000714
[35m[Appium][39m Appium REST http interface listener started on 0.0.0.0:59221
[35m[HTTP][39m [37m-->[39m [37mGET[39m [37m/wd/hub/status[39m
[35m[HTTP][39m [90m{}[39m
[35m[HTTP][39m [37m<-- GET /wd/hub/status [39m[32m200[39m [90m14 ms - 67[39m
[35m[HTTP][39m [90m[39m
[35m[HTTP][39m [37m-->[39m [37mGET[39m [37m/wd/hub/status[39m
[35m[HTTP][39m [90m{}[39m
[35m[HTTP][39m [37m<-- GET /wd/hub/status [39m[32m200[39m [90m1 ms - 67[39m
[35m[HTTP][39m [90m[39m
[35m[HTTP][39m [37m-->[39m [37mPOST[39m [37m/wd/hub/session[39m
[35m[HTTP][39m [90m{"desiredCapabilities":{"app":"C:\\Users\\dsouzam2\\Documents\\luavmandroid.apk","autoGrantPermissions":true,"automationName":"uiautomator2","deviceName":"motorola Moto E (4) (Android 7.1.1)","fullReset":false,"newCommandTimeout":1800,"noReset":true,"platform":"ANDROID","platformName":"Android","udid":"ZW2224VVT9"},"capabilities":{"desiredCapabilities":{"app":"C:\\Users\\dsouzam2\\Documents\\luavmandroid.apk","autoGrantPermissions":true,"automationName":"uiautomator2","deviceName":"motorola Moto E (4) (Android 7.1.1)","fullReset":false,"newCommandTimeout":1800,"noReset":true,"platform":"ANDROID","platformName":"Android","udid":"ZW2224VVT9"},"firstMatch":[{"platformName":"android"}]}}[39m
[35m[Appium][39m Could not parse W3C capabilities: 'deviceName' can't be blank
[35m[Appium][39m Trying to fix W3C capabilities by merging them with JSONWP caps
[35m[BaseDriver][39m The capabilities ["app","autoGrantPermissions","automationName","deviceName","fullReset","newCommandTimeout","noReset","platform","udid"] are not standard capabilities and should have an extension prefix
[35m[Appium][39m Creating new AndroidUiautomator2Driver (v1.19.0) session
[35m[Appium][39m Capabilities:
[35m[Appium][39m   app: C:\Users\dsouzam2\Documents\luavmandroid.apk
[35m[Appium][39m   autoGrantPermissions: true
[35m[Appium][39m   automationName: uiautomator2
[35m[Appium][39m   deviceName: motorola Moto E (4) (Android 7.1.1)
[35m[Appium][39m   fullReset: false
[35m[Appium][39m   newCommandTimeout: 1800
[35m[Appium][39m   noReset: true
[35m[Appium][39m   platform: ANDROID
[35m[Appium][39m   udid: ZW2224VVT9
[35m[Appium][39m   platformName: android
[35m[BaseDriver][39m The following capabilities were provided, but are not recognized by appium: platform.
[35m[BaseDriver][39m Session created with session id: fffd071a-ce10-4ed5-a694-68f2394bd1b9
[35m[BaseDriver][39m Using local app 'C:\Users\dsouzam2\Documents\luavmandroid.apk'
[35m[AndroidDriver][39m Java version is: 1.8.0_181
[35m[ADB][39m Checking whether adb is present
[35m[ADB][39m Found 1 'build-tools' folders under 'C:\Users\dsouzam2\.katalon\tools\android_sdk' (newest first):
[35m[ADB][39m     C:/Users/dsouzam2/.katalon/tools/android_sdk/build-tools/28.0.3
[35m[ADB][39m Using adb.exe from C:\Users\dsouzam2\.katalon\tools\android_sdk\platform-tools\adb.exe
[35m[AndroidDriver][39m Retrieving device list
[35m[AndroidDriver][39m Using device: ZW2224VVT9
[35m[ADB][39m Using the alternative activity name detection method because of: Could not find apkanalyzer.bat in C:\Users\dsouzam2\.katalon\tools\android_sdk\platform-tools\apkanalyzer.bat,C:\Users\dsouzam2\.katalon\tools\android_sdk\emulator\apkanalyzer.bat,C:\Users\dsouzam2\.katalon\tools\android_sdk\tools\apkanalyzer.bat,C:\Users\dsouzam2\.katalon\tools\android_sdk\tools\bin\apkanalyzer.bat,C:\Users\dsouzam2\.katalon\tools\android_sdk\build-tools\28.0.3\apkanalyzer.bat. Do you have the Android SDK installed at 'C:\Users\dsouzam2\.katalon\tools\android_sdk'?
[35m[ADB][39m Checking whether aapt is present
[35m[ADB][39m Using aapt.exe from C:\Users\dsouzam2\.katalon\tools\android_sdk\build-tools\28.0.3\aapt.exe
[35m[ADB][39m Extracting package and launch activity from manifest
[35m[ADB][39m Package name: 'com.orgname.KonyMobileBanking'
[35m[ADB][39m Main activity name: 'com.orgname.KonyMobileBanking.KonyMobileBankin'
[35m[ADB][39m Getting device platform version
[35m[ADB][39m Using apksigner.bat from C:\Users\dsouzam2\.katalon\tools\android_sdk\build-tools\28.0.3\apksigner.bat
[35m[ADB][39m Checking whether zipalign is present
[35m[ADB][39m Using zipalign.exe from C:\Users\dsouzam2\.katalon\tools\android_sdk\build-tools\28.0.3\zipalign.exe
[35m[ADB][39m io.appium.uiautomator2.server was successfully uninstalled
[35m[ADB][39m io.appium.uiautomator2.server.test was successfully uninstalled
[35m[AndroidDriver][39m setDeviceLanguageCountry requires language or country.
[35m[AndroidDriver][39m Got language: 'null' and country: 'null'
[35m[ADB][39m Successfully extracted 183 strings from 'C:\Users\dsouzam2\Documents\luavmandroid.apk' resources for '(default)' configuration
[35m[UiAutomator2][39m Starting uiautomator2 server 1.18.0
[35m[UiAutomator2][39m Using UIAutomator2 server from 'C:\Users\dsouzam2\AppData\Roaming\npm\node_modules\appium\node_modules\appium-uiautomator2-server\apks\appium-uiautomator2-server-v1.18.0.apk' and test from 'C:\Users\dsouzam2\AppData\Roaming\npm\node_modules\appium\node_modules\appium-uiautomator2-server\apks\appium-uiautomator2-server-debug-androidTest.apk'
[35m[UiAutomator2][39m Running command: 'adb -s ZW2224VVT9 shell am instrument -w io.appium.uiautomator2.server.test/android.support.test.runner.AndroidJUnitRunner'
[35m[UiAutomator2][39m Waiting up to 20000ms for UiAutomator2 to be online...
[35m[AndroidDriver][39m Screen already unlocked, doing nothing
[35m[UiAutomator2][39m UiAutomator2 did not start the activity we were waiting for, 'com.orgname.KonyMobileBanking/com.orgname.KonyMobileBanking.KonyMobileBankin'. Starting it ourselves
[35m[Appium][39m New AndroidUiautomator2Driver session created successfully, session fffd071a-ce10-4ed5-a694-68f2394bd1b9 added to master session list
[35m[HTTP][39m [37m<-- POST /wd/hub/session [39m[32m200[39m [90m46323 ms - 1152[39m
[35m[HTTP][39m [90m[39m
[35m[HTTP][39m [37m-->[39m [37mGET[39m [37m/wd/hub/status[39m
[35m[HTTP][39m [90m{}[39m
[35m[HTTP][39m [37m<-- GET /wd/hub/status [39m[32m200[39m [90m2 ms - 151[39m
[35m[HTTP][39m [90m[39m
[35m[HTTP][39m [37m-->[39m [37mPOST[39m [37m/wd/hub/session/fffd071a-ce10-4ed5-a694-68f2394bd1b9/timeouts[39m
[35m[HTTP][39m [90m{"implicit":60000}[39m
[35m[HTTP][39m [37m<-- POST /wd/hub/session/fffd071a-ce10-4ed5-a694-68f2394bd1b9/timeouts [39m[32m200[39m [90m36 ms - 14[39m
[35m[HTTP][39m [90m[39m
[35m[HTTP][39m [37m-->[39m [37mPOST[39m [37m/wd/hub/session/fffd071a-ce10-4ed5-a694-68f2394bd1b9/execute/sync[39m
[35m[HTTP][39m [90m{"script":"var source = document.documentElement.outerHTML; \nif (!source) { source = new XMLSerializer().serializeToString(document); }\nreturn source;","args":[]}[39m
[35m[HTTP][39m [37m<-- POST /wd/hub/session/fffd071a-ce10-4ed5-a694-68f2394bd1b9/execute/sync [39m[33m405[39m [90m8 ms - 3628[39m
[35m[HTTP][39m [90m[39m
[35m[HTTP][39m [37m-->[39m [37mPOST[39m [37m/wd/hub/session/fffd071a-ce10-4ed5-a694-68f2394bd1b9/execute/sync[39m
[35m[HTTP][39m [90m{"script":"var source = document.documentElement.outerHTML; \nif (!source) { source = new XMLSerializer().serializeToString(document); }\nreturn source;","args":[]}[39m
[35m[HTTP][39m [37m<-- POST /wd/hub/session/fffd071a-ce10-4ed5-a694-68f2394bd1b9/execute/sync [39m[33m405[39m [90m2 ms - 3628[39m
[35m[HTTP][39m [90m[39m
[35m[HTTP][39m [37m-->[39m [37mDELETE[39m [37m/wd/hub/session/fffd071a-ce10-4ed5-a694-68f2394bd1b9[39m
[35m[HTTP][39m [90m{}[39m
[35m[Appium][39m Removing session fffd071a-ce10-4ed5-a694-68f2394bd1b9 from our master session list
[35m[HTTP][39m [37m<-- DELETE /wd/hub/session/fffd071a-ce10-4ed5-a694-68f2394bd1b9 [39m[32m200[39m [90m2144 ms - 14[39m
[35m[HTTP][39m [90m[39m
